

Processing ApplicationController#index (for 127.0.1.1 at 2009-06-07 20:57:35) [GET]


NameError (uninitialized constant WelcomeController):
    /usr/lib/ruby/gems/1.8/gems/activesupport-2.2.2/lib/active_support/dependencies.rb:445:in `load_missing_constant'
    /usr/lib/ruby/gems/1.8/gems/activesupport-2.2.2/lib/active_support/dependencies.rb:77:in `const_missing'
    /usr/lib/ruby/gems/1.8/gems/activesupport-2.2.2/lib/active_support/dependencies.rb:89:in `const_missing'
    /usr/lib/ruby/gems/1.8/gems/activesupport-2.2.2/lib/active_support/inflector.rb:352:in `constantize'
    /usr/lib/ruby/gems/1.8/gems/activesupport-2.2.2/lib/active_support/inflector.rb:351:in `each'
    /usr/lib/ruby/gems/1.8/gems/activesupport-2.2.2/lib/active_support/inflector.rb:351:in `constantize'
    /usr/lib/ruby/gems/1.8/gems/activesupport-2.2.2/lib/active_support/core_ext/string/inflections.rb:162:in `constantize'
    /usr/lib/ruby/gems/1.8/gems/actionpack-2.2.2/lib/action_controller/routing/route_set.rb:388:in `recognize'
    /usr/lib/ruby/gems/1.8/gems/actionpack-2.2.2/lib/action_controller/dispatcher.rb:182:in `handle_request'
    /usr/lib/ruby/gems/1.8/gems/actionpack-2.2.2/lib/action_controller/dispatcher.rb:110:in `dispatch_unlocked'
    /usr/lib/ruby/gems/1.8/gems/actionpack-2.2.2/lib/action_controller/dispatcher.rb:123:in `dispatch'
    /usr/lib/ruby/gems/1.8/gems/actionpack-2.2.2/lib/action_controller/dispatcher.rb:122:in `synchronize'
    /usr/lib/ruby/gems/1.8/gems/actionpack-2.2.2/lib/action_controller/dispatcher.rb:122:in `dispatch'
    /usr/lib/ruby/gems/1.8/gems/actionpack-2.2.2/lib/action_controller/dispatcher.rb:132:in `dispatch_cgi'
    /usr/lib/ruby/gems/1.8/gems/actionpack-2.2.2/lib/action_controller/dispatcher.rb:39:in `dispatch'
    /usr/lib/ruby/gems/1.8/gems/passenger-2.2.2/lib/phusion_passenger/railz/request_handler.rb:45:in `process_request'
    /usr/lib/ruby/gems/1.8/gems/passenger-2.2.2/lib/phusion_passenger/abstract_request_handler.rb:203:in `main_loop'
    /usr/lib/ruby/gems/1.8/gems/passenger-2.2.2/lib/phusion_passenger/railz/application_spawner.rb:340:in `start_request_handler'
    /usr/lib/ruby/gems/1.8/gems/passenger-2.2.2/lib/phusion_passenger/railz/application_spawner.rb:298:in `handle_spawn_application'
    /usr/lib/ruby/gems/1.8/gems/passenger-2.2.2/lib/phusion_passenger/utils.rb:181:in `safe_fork'
    /usr/lib/ruby/gems/1.8/gems/passenger-2.2.2/lib/phusion_passenger/railz/application_spawner.rb:296:in `handle_spawn_application'
    /usr/lib/ruby/gems/1.8/gems/passenger-2.2.2/lib/phusion_passenger/abstract_server.rb:337:in `__send__'
    /usr/lib/ruby/gems/1.8/gems/passenger-2.2.2/lib/phusion_passenger/abstract_server.rb:337:in `main_loop'
    /usr/lib/ruby/gems/1.8/gems/passenger-2.2.2/lib/phusion_passenger/abstract_server.rb:187:in `start_synchronously'
    /usr/lib/ruby/gems/1.8/gems/passenger-2.2.2/lib/phusion_passenger/abstract_server.rb:154:in `start'
    /usr/lib/ruby/gems/1.8/gems/passenger-2.2.2/lib/phusion_passenger/railz/application_spawner.rb:192:in `start'
    /usr/lib/ruby/gems/1.8/gems/passenger-2.2.2/lib/phusion_passenger/spawn_manager.rb:257:in `spawn_rails_application'
    /usr/lib/ruby/gems/1.8/gems/passenger-2.2.2/lib/phusion_passenger/abstract_server_collection.rb:126:in `lookup_or_add'
    /usr/lib/ruby/gems/1.8/gems/passenger-2.2.2/lib/phusion_passenger/spawn_manager.rb:251:in `spawn_rails_application'
    /usr/lib/ruby/gems/1.8/gems/passenger-2.2.2/lib/phusion_passenger/abstract_server_collection.rb:80:in `synchronize'
    /usr/lib/ruby/gems/1.8/gems/passenger-2.2.2/lib/phusion_passenger/abstract_server_collection.rb:79:in `synchronize'
    /usr/lib/ruby/gems/1.8/gems/passenger-2.2.2/lib/phusion_passenger/spawn_manager.rb:250:in `spawn_rails_application'
    /usr/lib/ruby/gems/1.8/gems/passenger-2.2.2/lib/phusion_passenger/spawn_manager.rb:153:in `spawn_application'
    /usr/lib/ruby/gems/1.8/gems/passenger-2.2.2/lib/phusion_passenger/spawn_manager.rb:282:in `handle_spawn_application'
    /usr/lib/ruby/gems/1.8/gems/passenger-2.2.2/lib/phusion_passenger/abstract_server.rb:337:in `__send__'
    /usr/lib/ruby/gems/1.8/gems/passenger-2.2.2/lib/phusion_passenger/abstract_server.rb:337:in `main_loop'
    /usr/lib/ruby/gems/1.8/gems/passenger-2.2.2/lib/phusion_passenger/abstract_server.rb:187:in `start_synchronously'
    /usr/lib/ruby/gems/1.8/gems/passenger-2.2.2/bin/passenger-spawn-server:61

Rendered /usr/lib/ruby/gems/1.8/gems/actionpack-2.2.2/lib/action_controller/templates/rescues/_trace (57.0ms)
Rendered /usr/lib/ruby/gems/1.8/gems/actionpack-2.2.2/lib/action_controller/templates/rescues/_request_and_response (1.8ms)
Rendering /usr/lib/ruby/gems/1.8/gems/actionpack-2.2.2/lib/action_controller/templates/rescues/layout.erb (internal_server_error)


Processing ApplicationController#index (for 127.0.1.1 at 2009-06-07 21:00:11) [GET]


NameError (uninitialized constant WelcomeController):
    /usr/lib/ruby/gems/1.8/gems/activesupport-2.2.2/lib/active_support/dependencies.rb:445:in `load_missing_constant'
    /usr/lib/ruby/gems/1.8/gems/activesupport-2.2.2/lib/active_support/dependencies.rb:77:in `const_missing'
    /usr/lib/ruby/gems/1.8/gems/activesupport-2.2.2/lib/active_support/dependencies.rb:89:in `const_missing'
    /usr/lib/ruby/gems/1.8/gems/activesupport-2.2.2/lib/active_support/inflector.rb:352:in `constantize'
    /usr/lib/ruby/gems/1.8/gems/activesupport-2.2.2/lib/active_support/inflector.rb:351:in `each'
    /usr/lib/ruby/gems/1.8/gems/activesupport-2.2.2/lib/active_support/inflector.rb:351:in `constantize'
    /usr/lib/ruby/gems/1.8/gems/activesupport-2.2.2/lib/active_support/core_ext/string/inflections.rb:162:in `constantize'
    /usr/lib/ruby/gems/1.8/gems/actionpack-2.2.2/lib/action_controller/routing/route_set.rb:388:in `recognize'
    /usr/lib/ruby/gems/1.8/gems/actionpack-2.2.2/lib/action_controller/dispatcher.rb:182:in `handle_request'
    /usr/lib/ruby/gems/1.8/gems/actionpack-2.2.2/lib/action_controller/dispatcher.rb:110:in `dispatch_unlocked'
    /usr/lib/ruby/gems/1.8/gems/actionpack-2.2.2/lib/action_controller/dispatcher.rb:123:in `dispatch'
    /usr/lib/ruby/gems/1.8/gems/actionpack-2.2.2/lib/action_controller/dispatcher.rb:122:in `synchronize'
    /usr/lib/ruby/gems/1.8/gems/actionpack-2.2.2/lib/action_controller/dispatcher.rb:122:in `dispatch'
    /usr/lib/ruby/gems/1.8/gems/actionpack-2.2.2/lib/action_controller/dispatcher.rb:132:in `dispatch_cgi'
    /usr/lib/ruby/gems/1.8/gems/actionpack-2.2.2/lib/action_controller/dispatcher.rb:39:in `dispatch'
    /usr/lib/ruby/gems/1.8/gems/passenger-2.2.2/lib/phusion_passenger/railz/request_handler.rb:45:in `process_request'
    /usr/lib/ruby/gems/1.8/gems/passenger-2.2.2/lib/phusion_passenger/abstract_request_handler.rb:203:in `main_loop'
    /usr/lib/ruby/gems/1.8/gems/passenger-2.2.2/lib/phusion_passenger/railz/application_spawner.rb:340:in `start_request_handler'
    /usr/lib/ruby/gems/1.8/gems/passenger-2.2.2/lib/phusion_passenger/railz/application_spawner.rb:298:in `handle_spawn_application'
    /usr/lib/ruby/gems/1.8/gems/passenger-2.2.2/lib/phusion_passenger/utils.rb:181:in `safe_fork'
    /usr/lib/ruby/gems/1.8/gems/passenger-2.2.2/lib/phusion_passenger/railz/application_spawner.rb:296:in `handle_spawn_application'
    /usr/lib/ruby/gems/1.8/gems/passenger-2.2.2/lib/phusion_passenger/abstract_server.rb:337:in `__send__'
    /usr/lib/ruby/gems/1.8/gems/passenger-2.2.2/lib/phusion_passenger/abstract_server.rb:337:in `main_loop'
    /usr/lib/ruby/gems/1.8/gems/passenger-2.2.2/lib/phusion_passenger/abstract_server.rb:187:in `start_synchronously'
    /usr/lib/ruby/gems/1.8/gems/passenger-2.2.2/lib/phusion_passenger/abstract_server.rb:154:in `start'
    /usr/lib/ruby/gems/1.8/gems/passenger-2.2.2/lib/phusion_passenger/railz/application_spawner.rb:192:in `start'
    /usr/lib/ruby/gems/1.8/gems/passenger-2.2.2/lib/phusion_passenger/spawn_manager.rb:257:in `spawn_rails_application'
    /usr/lib/ruby/gems/1.8/gems/passenger-2.2.2/lib/phusion_passenger/abstract_server_collection.rb:126:in `lookup_or_add'
    /usr/lib/ruby/gems/1.8/gems/passenger-2.2.2/lib/phusion_passenger/spawn_manager.rb:251:in `spawn_rails_application'
    /usr/lib/ruby/gems/1.8/gems/passenger-2.2.2/lib/phusion_passenger/abstract_server_collection.rb:80:in `synchronize'
    /usr/lib/ruby/gems/1.8/gems/passenger-2.2.2/lib/phusion_passenger/abstract_server_collection.rb:79:in `synchronize'
    /usr/lib/ruby/gems/1.8/gems/passenger-2.2.2/lib/phusion_passenger/spawn_manager.rb:250:in `spawn_rails_application'
    /usr/lib/ruby/gems/1.8/gems/passenger-2.2.2/lib/phusion_passenger/spawn_manager.rb:153:in `spawn_application'
    /usr/lib/ruby/gems/1.8/gems/passenger-2.2.2/lib/phusion_passenger/spawn_manager.rb:282:in `handle_spawn_application'
    /usr/lib/ruby/gems/1.8/gems/passenger-2.2.2/lib/phusion_passenger/abstract_server.rb:337:in `__send__'
    /usr/lib/ruby/gems/1.8/gems/passenger-2.2.2/lib/phusion_passenger/abstract_server.rb:337:in `main_loop'
    /usr/lib/ruby/gems/1.8/gems/passenger-2.2.2/lib/phusion_passenger/abstract_server.rb:187:in `start_synchronously'
    /usr/lib/ruby/gems/1.8/gems/passenger-2.2.2/bin/passenger-spawn-server:61

Rendered /usr/lib/ruby/gems/1.8/gems/actionpack-2.2.2/lib/action_controller/templates/rescues/_trace (125.1ms)
Rendered /usr/lib/ruby/gems/1.8/gems/actionpack-2.2.2/lib/action_controller/templates/rescues/_request_and_response (2.6ms)
Rendering /usr/lib/ruby/gems/1.8/gems/actionpack-2.2.2/lib/action_controller/templates/rescues/layout.erb (internal_server_error)
  [4;36;1mSQL (45.1ms)[0m   [0;1mSET SQL_AUTO_IS_NULL=0[0m
  [4;35;1mSQL (68.1ms)[0m   [0mCREATE DATABASE `imper` DEFAULT CHARACTER SET `utf8` COLLATE `utf8_general_ci`[0m
